Intermediate/Android/arm64/gradle/app/build/intermediates/manifest_merge_blame_file/debug/manifest-merger-blame-debug-report.txt
1<?xml version="1.0" encoding="utf-8"?>
2<manifest xmlns:android="http://schemas.android.com/apk/res/android"
3    package="com.YourCompany.macbeth_air_2"
4    android:installLocation="internalOnly"
5    android:versionCode="1"
6    android:versionName="1.0" >
7
8    <uses-sdk
9        android:minSdkVersion="26"
9-->src\main\AndroidManifest.xml
10        android:targetSdkVersion="26" />
10-->src\main\AndroidManifest.xml
11    <!-- Requirements -->
12    <uses-feature
12-->src\main\AndroidManifest.xml:71:3-76
13        android:glEsVersion="0x00030002"
13-->src\main\AndroidManifest.xml:71:17-49
14        android:required="true" />
14-->src\main\AndroidManifest.xml:71:50-73
15
16    <uses-permission android:name="android.permission.INTERNET" />
16-->src\main\AndroidManifest.xml:72:3-65
16-->src\main\AndroidManifest.xml:72:20-62
17    <uses-permission android:name="android.permission.WRITE_EXTERNAL_STORAGE" />
17-->src\main\AndroidManifest.xml:73:3-79
17-->src\main\AndroidManifest.xml:73:20-76
18    <uses-permission android:name="android.permission.ACCESS_NETWORK_STATE" />
18-->src\main\AndroidManifest.xml:74:3-77
18-->src\main\AndroidManifest.xml:74:20-74
19    <uses-permission android:name="android.permission.WAKE_LOCK" />
19-->src\main\AndroidManifest.xml:75:3-66
19-->src\main\AndroidManifest.xml:75:20-63
20    <uses-permission android:name="com.android.vending.CHECK_LICENSE" />
20-->src\main\AndroidManifest.xml:76:3-71
20-->src\main\AndroidManifest.xml:76:20-68
21    <uses-permission android:name="android.permission.ACCESS_WIFI_STATE" />
21-->src\main\AndroidManifest.xml:77:3-74
21-->src\main\AndroidManifest.xml:77:20-71
22    <uses-permission android:name="android.permission.MODIFY_AUDIO_SETTINGS" />
22-->src\main\AndroidManifest.xml:78:3-78
22-->src\main\AndroidManifest.xml:78:20-75
23    <uses-permission android:name="android.permission.VIBRATE" />
23-->src\main\AndroidManifest.xml:79:3-64
23-->src\main\AndroidManifest.xml:79:20-61
24    <uses-permission android:name="com.android.vending.BILLING" />
24-->src\main\AndroidManifest.xml:80:3-65
24-->src\main\AndroidManifest.xml:80:20-62
25    <!-- Supported texture compression formats (cooked) -->
26    <supports-gl-texture android:name="GL_KHR_texture_compression_astc_ldr" />
26-->src\main\AndroidManifest.xml:82:3-77
26-->src\main\AndroidManifest.xml:82:24-74
27
28    <uses-permission
28-->src\main\AndroidManifest.xml:83:3-75
29        android:name="android.permission.CAMERA"
29-->src\main\AndroidManifest.xml:83:20-60
30        __line="19" />
30-->src\main\AndroidManifest.xml:83:61-72
31
32    <uses-feature
32-->src\main\AndroidManifest.xml:84:3-97
33        android:name="android.hardware.camera.ar"
33-->src\main\AndroidManifest.xml:84:17-58
34        __line="22"
34-->src\main\AndroidManifest.xml:84:83-94
35        android:required="true" />
35-->src\main\AndroidManifest.xml:84:59-82
36
37    <queries>
37-->[com.google.ar:core:1.22.0] AndroidManifest.xml:29:5-31:15
38        <package android:name="com.google.ar.core" />
38-->[com.google.ar:core:1.22.0] AndroidManifest.xml:30:9-54
38-->[com.google.ar:core:1.22.0] AndroidManifest.xml:30:18-51
39    </queries> <!-- Application Definition -->
40    <application
40-->src\main\AndroidManifest.xml:3:3-69:17
41        android:name="com.epicgames.unreal.GameApplication"
41-->src\main\AndroidManifest.xml:3:147-198
42        android:appComponentFactory="androidx.core.app.CoreComponentFactory"
42-->[androidx.core:core:1.2.0] AndroidManifest.xml:24:18-86
43        android:debuggable="true"
44        android:extractNativeLibs="true"
44-->src\main\AndroidManifest.xml:3:114-146
45        android:hardwareAccelerated="true"
45-->src\main\AndroidManifest.xml:3:79-113
46        android:hasCode="true"
46-->src\main\AndroidManifest.xml:3:243-265
47        android:icon="@drawable/icon"
47-->src\main\AndroidManifest.xml:3:49-78
48        android:label="@string/app_name"
48-->src\main\AndroidManifest.xml:3:16-48
49        android:requestLegacyExternalStorage="true" >
49-->src\main\AndroidManifest.xml:3:199-242
50        <activity
50-->src\main\AndroidManifest.xml:4:5-9:16
51            android:name="com.epicgames.unreal.SplashActivity"
51-->src\main\AndroidManifest.xml:4:15-65
52            android:debuggable="true"
52-->src\main\AndroidManifest.xml:4:266-291
53            android:exported="true"
53-->src\main\AndroidManifest.xml:4:66-89
54            android:label="@string/app_name"
54-->src\main\AndroidManifest.xml:4:90-122
55            android:launchMode="singleTask"
55-->src\main\AndroidManifest.xml:4:164-195
56            android:resizeableActivity="false"
56-->src\main\AndroidManifest.xml:4:196-230
57            android:screenOrientation="sensor"
57-->src\main\AndroidManifest.xml:4:231-265
58            android:theme="@style/UnrealSplashTheme" >
58-->src\main\AndroidManifest.xml:4:123-163
59            <intent-filter>
59-->src\main\AndroidManifest.xml:5:7-8:23
60                <action android:name="android.intent.action.MAIN" />
60-->src\main\AndroidManifest.xml:6:9-61
60-->src\main\AndroidManifest.xml:6:17-58
61
62                <category android:name="android.intent.category.LAUNCHER" />
62-->src\main\AndroidManifest.xml:7:9-69
62-->src\main\AndroidManifest.xml:7:19-66
63            </intent-filter>
64        </activity>
65        <activity
65-->src\main\AndroidManifest.xml:10:5-12:16
66            android:name="com.epicgames.unreal.GameActivity"
66-->src\main\AndroidManifest.xml:10:15-63
67            android:configChanges="mcc|mnc|uiMode|density|screenSize|smallestScreenSize|screenLayout|orientation|keyboardHidden|keyboard|navigation|touchscreen|locale|fontScale|layoutDirection"
67-->src\main\AndroidManifest.xml:10:138-319
68            android:debuggable="true"
68-->src\main\AndroidManifest.xml:10:422-447
69            android:label="@string/app_name"
69-->src\main\AndroidManifest.xml:10:64-96
70            android:launchMode="singleTask"
70-->src\main\AndroidManifest.xml:10:355-386
71            android:resizeableActivity="false"
71-->src\main\AndroidManifest.xml:10:320-354
72            android:screenOrientation="sensor"
72-->src\main\AndroidManifest.xml:10:387-421
73            android:theme="@style/UnrealSplashTheme" >
73-->src\main\AndroidManifest.xml:10:97-137
74            <meta-data
74-->src\main\AndroidManifest.xml:11:7-79
75                android:name="android.app.lib_name"
75-->src\main\AndroidManifest.xml:11:18-53
76                android:value="Unreal" />
76-->src\main\AndroidManifest.xml:11:54-76
77        </activity>
78        <activity
78-->src\main\AndroidManifest.xml:13:5-222
79            android:name="com.YourCompany.macbeth_air_2.DownloaderActivity"
79-->src\main\AndroidManifest.xml:13:15-49
80            android:configChanges="mcc|mnc|uiMode|density|screenSize|orientation|keyboardHidden|keyboard"
80-->src\main\AndroidManifest.xml:13:85-178
81            android:screenOrientation="sensor"
81-->src\main\AndroidManifest.xml:13:50-84
82            android:theme="@style/UnrealSplashTheme" />
82-->src\main\AndroidManifest.xml:13:179-219
83
84        <meta-data
84-->src\main\AndroidManifest.xml:14:5-103
85            android:name="com.epicgames.unreal.GameActivity.EngineVersion"
85-->src\main\AndroidManifest.xml:14:16-78
86            android:value="5.1.1" />
86-->src\main\AndroidManifest.xml:14:79-100
87        <meta-data
87-->src\main\AndroidManifest.xml:15:5-114
88            android:name="com.epicgames.unreal.GameActivity.EngineBranch"
88-->src\main\AndroidManifest.xml:15:16-77
89            android:value="++UE5+Release-5.1" />
89-->src\main\AndroidManifest.xml:15:78-111
90        <meta-data
90-->src\main\AndroidManifest.xml:16:5-106
91            android:name="com.epicgames.unreal.GameActivity.ProjectVersion"
91-->src\main\AndroidManifest.xml:16:16-79
92            android:value="1.0.0.0" />
92-->src\main\AndroidManifest.xml:16:80-103
93        <meta-data
93-->src\main\AndroidManifest.xml:17:5-107
94            android:name="com.epicgames.unreal.GameActivity.DepthBufferPreference"
94-->src\main\AndroidManifest.xml:17:16-86
95            android:value="0" />
95-->src\main\AndroidManifest.xml:17:87-104
96        <meta-data
96-->src\main\AndroidManifest.xml:18:5-111
97            android:name="com.epicgames.unreal.GameActivity.bPackageDataInsideApk"
97-->src\main\AndroidManifest.xml:18:16-86
98            android:value="false" />
98-->src\main\AndroidManifest.xml:18:87-108
99        <meta-data
99-->src\main\AndroidManifest.xml:19:5-109
100            android:name="com.epicgames.unreal.GameActivity.bVerifyOBBOnStartUp"
100-->src\main\AndroidManifest.xml:19:16-84
101            android:value="false" />
101-->src\main\AndroidManifest.xml:19:85-106
102        <meta-data
102-->src\main\AndroidManifest.xml:20:5-102
103            android:name="com.epicgames.unreal.GameActivity.bShouldHideUI"
103-->src\main\AndroidManifest.xml:20:16-78
104            android:value="true" />
104-->src\main\AndroidManifest.xml:20:79-99
105        <meta-data
105-->src\main\AndroidManifest.xml:21:5-109
106            android:name="com.epicgames.unreal.GameActivity.ProjectName"
106-->src\main\AndroidManifest.xml:21:16-76
107            android:value="macbeth_air_2" />
107-->src\main\AndroidManifest.xml:21:77-106
108        <meta-data
108-->src\main\AndroidManifest.xml:22:5-92
109            android:name="com.epicgames.unreal.GameActivity.AppType"
109-->src\main\AndroidManifest.xml:22:16-72
110            android:value="" />
110-->src\main\AndroidManifest.xml:22:73-89
111        <meta-data
111-->src\main\AndroidManifest.xml:23:5-102
112            android:name="com.epicgames.unreal.GameActivity.bHasOBBFiles"
112-->src\main\AndroidManifest.xml:23:16-77
113            android:value="false" />
113-->src\main\AndroidManifest.xml:23:78-99
114        <meta-data
114-->src\main\AndroidManifest.xml:24:5-114
115            android:name="com.epicgames.unreal.GameActivity.BuildConfiguration"
115-->src\main\AndroidManifest.xml:24:16-83
116            android:value="Development" />
116-->src\main\AndroidManifest.xml:24:84-111
117        <meta-data
117-->src\main\AndroidManifest.xml:25:5-102
118            android:name="com.epicgames.unreal.GameActivity.CookedFlavors"
118-->src\main\AndroidManifest.xml:25:16-78
119            android:value="ASTC" />
119-->src\main\AndroidManifest.xml:25:79-99
120        <meta-data
120-->src\main\AndroidManifest.xml:26:5-112
121            android:name="com.epicgames.unreal.GameActivity.bValidateTextureFormats"
121-->src\main\AndroidManifest.xml:26:16-88
122            android:value="true" />
122-->src\main\AndroidManifest.xml:26:89-109
123        <meta-data
123-->src\main\AndroidManifest.xml:27:5-109
124            android:name="com.epicgames.unreal.GameActivity.bUseExternalFilesDir"
124-->src\main\AndroidManifest.xml:27:16-85
125            android:value="true" />
125-->src\main\AndroidManifest.xml:27:86-106
126        <meta-data
126-->src\main\AndroidManifest.xml:28:5-105
127            android:name="com.epicgames.unreal.GameActivity.bPublicLogFiles"
127-->src\main\AndroidManifest.xml:28:16-80
128            android:value="false" />
128-->src\main\AndroidManifest.xml:28:81-102
129        <meta-data
129-->src\main\AndroidManifest.xml:29:5-107
130            android:name="com.epicgames.unreal.GameActivity.bUseDisplayCutout"
130-->src\main\AndroidManifest.xml:29:16-82
131            android:value="false" />
131-->src\main\AndroidManifest.xml:29:83-104
132        <meta-data
132-->src\main\AndroidManifest.xml:30:5-99
133            android:name="com.epicgames.unreal.GameActivity.bAllowIMU"
133-->src\main\AndroidManifest.xml:30:16-74
134            android:value="false" />
134-->src\main\AndroidManifest.xml:30:75-96
135        <meta-data
135-->src\main\AndroidManifest.xml:31:5-105
136            android:name="com.epicgames.unreal.GameActivity.bSupportsVulkan"
136-->src\main\AndroidManifest.xml:31:16-80
137            android:value="false" />
137-->src\main\AndroidManifest.xml:31:81-102
138        <meta-data
138-->src\main\AndroidManifest.xml:32:5-100
139            android:name="com.epicgames.unreal.GameActivity.PropagateAlpha"
139-->src\main\AndroidManifest.xml:32:16-79
140            android:value="0" />
140-->src\main\AndroidManifest.xml:32:80-97
141        <meta-data
141-->src\main\AndroidManifest.xml:33:5-144
142            android:name="com.epicgames.unreal.GameActivity.StartupPermissions"
142-->src\main\AndroidManifest.xml:33:16-83
143            android:value="android.permission.WRITE_EXTERNAL_STORAGE" />
143-->src\main\AndroidManifest.xml:33:84-141
144        <meta-data
144-->src\main\AndroidManifest.xml:34:5-100
145            android:name="com.google.android.gms.games.APP_ID"
145-->src\main\AndroidManifest.xml:34:16-66
146            android:value="@string/app_id" />
146-->src\main\AndroidManifest.xml:34:67-97
147        <meta-data
147-->src\main\AndroidManifest.xml:35:5-118
148            android:name="com.google.android.gms.version"
148-->src\main\AndroidManifest.xml:35:16-61
149            android:value="@integer/google_play_services_version" />
149-->src\main\AndroidManifest.xml:35:62-115
150
151        <activity
151-->src\main\AndroidManifest.xml:36:5-180
152            android:name="com.google.android.gms.ads.AdActivity"
152-->src\main\AndroidManifest.xml:36:15-67
153            android:configChanges="keyboard|keyboardHidden|orientation|screenLayout|uiMode|screenSize|smallestScreenSize" />
153-->src\main\AndroidManifest.xml:36:68-177
154
155        <service
155-->src\main\AndroidManifest.xml:37:5-119
156            android:name="com.epicgames.unreal.psoservices.OGLProgramService"
156-->src\main\AndroidManifest.xml:37:14-79
157            android:process=":psoprogramservice" />
157-->src\main\AndroidManifest.xml:37:80-116
158        <service
158-->src\main\AndroidManifest.xml:38:5-121
159            android:name="com.epicgames.unreal.psoservices.OGLProgramService1"
159-->src\main\AndroidManifest.xml:38:14-80
160            android:process=":psoprogramservice1" />
160-->src\main\AndroidManifest.xml:38:81-118
161        <service
161-->src\main\AndroidManifest.xml:39:5-121
162            android:name="com.epicgames.unreal.psoservices.OGLProgramService2"
162-->src\main\AndroidManifest.xml:39:14-80
163            android:process=":psoprogramservice2" />
163-->src\main\AndroidManifest.xml:39:81-118
164        <service
164-->src\main\AndroidManifest.xml:40:5-121
165            android:name="com.epicgames.unreal.psoservices.OGLProgramService3"
165-->src\main\AndroidManifest.xml:40:14-80
166            android:process=":psoprogramservice3" />
166-->src\main\AndroidManifest.xml:40:81-118
167        <service
167-->src\main\AndroidManifest.xml:41:5-121
168            android:name="com.epicgames.unreal.psoservices.OGLProgramService4"
168-->src\main\AndroidManifest.xml:41:14-80
169            android:process=":psoprogramservice4" />
169-->src\main\AndroidManifest.xml:41:81-118
170        <service
170-->src\main\AndroidManifest.xml:42:5-121
171            android:name="com.epicgames.unreal.psoservices.OGLProgramService5"
171-->src\main\AndroidManifest.xml:42:14-80
172            android:process=":psoprogramservice5" />
172-->src\main\AndroidManifest.xml:42:81-118
173        <service
173-->src\main\AndroidManifest.xml:43:5-121
174            android:name="com.epicgames.unreal.psoservices.OGLProgramService6"
174-->src\main\AndroidManifest.xml:43:14-80
175            android:process=":psoprogramservice6" />
175-->src\main\AndroidManifest.xml:43:81-118
176        <service
176-->src\main\AndroidManifest.xml:44:5-121
177            android:name="com.epicgames.unreal.psoservices.OGLProgramService7"
177-->src\main\AndroidManifest.xml:44:14-80
178            android:process=":psoprogramservice7" />
178-->src\main\AndroidManifest.xml:44:81-118
179        <service
179-->src\main\AndroidManifest.xml:45:5-122
180            android:name="com.epicgames.unreal.psoservices.VulkanProgramService"
180-->src\main\AndroidManifest.xml:45:14-82
181            android:process=":psoprogramservice" />
181-->src\main\AndroidManifest.xml:45:83-119
182        <service
182-->src\main\AndroidManifest.xml:46:5-124
183            android:name="com.epicgames.unreal.psoservices.VulkanProgramService1"
183-->src\main\AndroidManifest.xml:46:14-83
184            android:process=":psoprogramservice1" />
184-->src\main\AndroidManifest.xml:46:84-121
185        <service
185-->src\main\AndroidManifest.xml:47:5-124
186            android:name="com.epicgames.unreal.psoservices.VulkanProgramService2"
186-->src\main\AndroidManifest.xml:47:14-83
187            android:process=":psoprogramservice2" />
187-->src\main\AndroidManifest.xml:47:84-121
188        <service
188-->src\main\AndroidManifest.xml:48:5-124
189            android:name="com.epicgames.unreal.psoservices.VulkanProgramService3"
189-->src\main\AndroidManifest.xml:48:14-83
190            android:process=":psoprogramservice3" />
190-->src\main\AndroidManifest.xml:48:84-121
191        <service
191-->src\main\AndroidManifest.xml:49:5-124
192            android:name="com.epicgames.unreal.psoservices.VulkanProgramService4"
192-->src\main\AndroidManifest.xml:49:14-83
193            android:process=":psoprogramservice4" />
193-->src\main\AndroidManifest.xml:49:84-121
194        <service
194-->src\main\AndroidManifest.xml:50:5-124
195            android:name="com.epicgames.unreal.psoservices.VulkanProgramService5"
195-->src\main\AndroidManifest.xml:50:14-83
196            android:process=":psoprogramservice5" />
196-->src\main\AndroidManifest.xml:50:84-121
197        <service
197-->src\main\AndroidManifest.xml:51:5-124
198            android:name="com.epicgames.unreal.psoservices.VulkanProgramService6"
198-->src\main\AndroidManifest.xml:51:14-83
199            android:process=":psoprogramservice6" />
199-->src\main\AndroidManifest.xml:51:84-121
200        <service
200-->src\main\AndroidManifest.xml:52:5-124
201            android:name="com.epicgames.unreal.psoservices.VulkanProgramService7"
201-->src\main\AndroidManifest.xml:52:14-83
202            android:process=":psoprogramservice7" />
202-->src\main\AndroidManifest.xml:52:84-121
203        <service android:name="com.YourCompany.macbeth_air_2.OBBDownloaderService" />
203-->src\main\AndroidManifest.xml:53:5-52
203-->src\main\AndroidManifest.xml:53:14-49
204
205        <receiver android:name="com.YourCompany.macbeth_air_2.AlarmReceiver" />
205-->src\main\AndroidManifest.xml:54:5-46
205-->src\main\AndroidManifest.xml:54:15-43
206        <receiver android:name="com.epicgames.unreal.LocalNotificationReceiver" />
206-->src\main\AndroidManifest.xml:55:5-79
206-->src\main\AndroidManifest.xml:55:15-76
207        <receiver
207-->src\main\AndroidManifest.xml:56:5-60:16
208            android:name="com.epicgames.unreal.MulticastBroadcastReceiver"
208-->src\main\AndroidManifest.xml:56:15-77
209            android:exported="true" >
209-->src\main\AndroidManifest.xml:56:78-101
210            <intent-filter>
210-->src\main\AndroidManifest.xml:57:7-59:23
211                <action android:name="com.android.vending.INSTALL_REFERRER" />
211-->src\main\AndroidManifest.xml:58:9-71
211-->src\main\AndroidManifest.xml:58:17-68
212            </intent-filter>
213        </receiver>
214
215        <meta-data
215-->src\main\AndroidManifest.xml:61:5-73
216            android:name="android.max_aspect"
216-->src\main\AndroidManifest.xml:61:16-49
217            android:value="2.10" />
217-->src\main\AndroidManifest.xml:61:50-70
218        <meta-data
218-->src\main\AndroidManifest.xml:62:5-89
219            android:name="com.google.ar.core"
219-->src\main\AndroidManifest.xml:62:16-49
220            __line="24"
220-->src\main\AndroidManifest.xml:62:75-86
221            android:value="required" />
221-->src\main\AndroidManifest.xml:62:50-74
222
223        <receiver
223-->src\main\AndroidManifest.xml:63:5-67:16
224            android:name="com.epicgames.unreal.RemoteFileManagerReceiver"
224-->src\main\AndroidManifest.xml:63:15-76
225            __line="66"
225-->src\main\AndroidManifest.xml:63:101-112
226            android:exported="true" >
226-->src\main\AndroidManifest.xml:63:77-100
227            <intent-filter __line="67" >
227-->src\main\AndroidManifest.xml:64:7-66:23
227-->src\main\AndroidManifest.xml:64:22-33
228                <action
228-->src\main\AndroidManifest.xml:65:9-100
229                    android:name="com.epicgames.unreal.RemoteFileManager.intent.COMMAND"
229-->src\main\AndroidManifest.xml:65:17-85
230                    __line="68" />
230-->src\main\AndroidManifest.xml:65:86-97
231            </intent-filter>
232        </receiver>
233
234        <meta-data
234-->src\main\AndroidManifest.xml:68:5-129
235            android:name="com.epicgames.unreal.RemoteFileManager.bAllowNetworkConnection"
235-->src\main\AndroidManifest.xml:68:16-93
236            __line="79"
236-->src\main\AndroidManifest.xml:68:115-126
237            android:value="true" />
237-->src\main\AndroidManifest.xml:68:94-114
238
239        <activity
239-->[com.google.android.gms:play-services-auth:11.8.0] AndroidManifest.xml:23:9-27:75
240            android:name="com.google.android.gms.auth.api.signin.internal.SignInHubActivity"
240-->[com.google.android.gms:play-services-auth:11.8.0] AndroidManifest.xml:24:13-93
241            android:excludeFromRecents="true"
241-->[com.google.android.gms:play-services-auth:11.8.0] AndroidManifest.xml:25:13-46
242            android:exported="false"
242-->[com.google.android.gms:play-services-auth:11.8.0] AndroidManifest.xml:26:13-37
243            android:theme="@android:style/Theme.Translucent.NoTitleBar" />
243-->[com.google.android.gms:play-services-auth:11.8.0] AndroidManifest.xml:27:13-72
244        <!--
245            Service handling Google Sign-In user revocation. For apps that do not integrate with
246            Google Sign-In, this service will never be started.
247        -->
248        <service
248-->[com.google.android.gms:play-services-auth:11.8.0] AndroidManifest.xml:33:9-36:110
249            android:name="com.google.android.gms.auth.api.signin.RevocationBoundService"
249-->[com.google.android.gms:play-services-auth:11.8.0] AndroidManifest.xml:34:13-89
250            android:exported="true"
250-->[com.google.android.gms:play-services-auth:11.8.0] AndroidManifest.xml:35:13-36
251            android:permission="com.google.android.gms.auth.api.signin.permission.REVOCATION_NOTIFICATION" /> <!-- The minimal version code of ARCore APK required for an app using this SDK. -->
251-->[com.google.android.gms:play-services-auth:11.8.0] AndroidManifest.xml:36:13-107
252        <meta-data
252-->[com.google.ar:core:1.22.0] AndroidManifest.xml:36:9-38:41
253            android:name="com.google.ar.core.min_apk_version"
253-->[com.google.ar:core:1.22.0] AndroidManifest.xml:37:13-62
254            android:value="202940000" /> <!-- This activity is critical for installing ARCore when it is not already present. -->
254-->[com.google.ar:core:1.22.0] AndroidManifest.xml:38:13-38
255        <activity
255-->[com.google.ar:core:1.22.0] AndroidManifest.xml:40:9-46:80
256            android:name="com.google.ar.core.InstallActivity"
256-->[com.google.ar:core:1.22.0] AndroidManifest.xml:41:13-62
257            android:configChanges="keyboardHidden|orientation|screenSize"
257-->[com.google.ar:core:1.22.0] AndroidManifest.xml:42:13-74
258            android:excludeFromRecents="true"
258-->[com.google.ar:core:1.22.0] AndroidManifest.xml:43:13-46
259            android:exported="false"
259-->[com.google.ar:core:1.22.0] AndroidManifest.xml:44:13-37
260            android:launchMode="singleTop"
260-->[com.google.ar:core:1.22.0] AndroidManifest.xml:45:13-43
261            android:theme="@android:style/Theme.Material.Light.Dialog.Alert" />
261-->[com.google.ar:core:1.22.0] AndroidManifest.xml:46:13-77
262
263        <meta-data
263-->[com.android.billingclient:billing:5.0.0] AndroidManifest.xml:13:9-15:37
264            android:name="com.google.android.play.billingclient.version"
264-->[com.android.billingclient:billing:5.0.0] AndroidManifest.xml:14:13-73
265            android:value="5.0.0" />
265-->[com.android.billingclient:billing:5.0.0] AndroidManifest.xml:15:13-34
266
267        <activity
267-->[com.android.billingclient:billing:5.0.0] AndroidManifest.xml:17:9-21:75
268            android:name="com.android.billingclient.api.ProxyBillingActivity"
268-->[com.android.billingclient:billing:5.0.0] AndroidManifest.xml:18:13-78
269            android:configChanges="keyboard|keyboardHidden|screenLayout|screenSize|orientation"
269-->[com.android.billingclient:billing:5.0.0] AndroidManifest.xml:19:13-96
270            android:exported="false"
270-->[com.android.billingclient:billing:5.0.0] AndroidManifest.xml:20:13-37
271            android:theme="@android:style/Theme.Translucent.NoTitleBar" />
271-->[com.android.billingclient:billing:5.0.0] AndroidManifest.xml:21:13-72
272        <activity
272-->[com.google.android.gms:play-services-base:18.0.1] AndroidManifest.xml:20:9-22:45
273            android:name="com.google.android.gms.common.api.GoogleApiActivity"
273-->[com.google.android.gms:play-services-base:18.0.1] AndroidManifest.xml:20:19-85
274            android:exported="false"
274-->[com.google.android.gms:play-services-base:18.0.1] AndroidManifest.xml:22:19-43
275            android:theme="@android:style/Theme.Translucent.NoTitleBar" />
275-->[com.google.android.gms:play-services-base:18.0.1] AndroidManifest.xml:21:19-78
276
277        <provider
277-->[androidx.lifecycle:lifecycle-process:2.0.0] AndroidManifest.xml:23:9-27:43
278            android:name="androidx.lifecycle.ProcessLifecycleOwnerInitializer"
278-->[androidx.lifecycle:lifecycle-process:2.0.0] AndroidManifest.xml:24:13-79
279            android:authorities="com.YourCompany.macbeth_air_2.lifecycle-process"
279-->[androidx.lifecycle:lifecycle-process:2.0.0] AndroidManifest.xml:25:13-69
280            android:exported="false"
280-->[androidx.lifecycle:lifecycle-process:2.0.0] AndroidManifest.xml:26:13-37
281            android:multiprocess="true" />
281-->[androidx.lifecycle:lifecycle-process:2.0.0] AndroidManifest.xml:27:13-40
282    </application>
283
284</manifest>